# JRE version: Java(TM) SE Runtime Environment (8.0_202-b08) (build 1.8.0_202-b08)
# Java VM: Java HotSpot(TM) 64-Bit Server VM (25.202-b08 mixed mode windows-amd64 compressed oops)
Heap:
 PSYoungGen      total 35840K, used 15837K [0x00000000d8700000, 0x00000000daf00000, 0x0000000100000000)
  eden space 30720K, 51% used [0x00000000d8700000,0x00000000d96775d8,0x00000000da500000)
  from space 5120K, 0% used [0x00000000daa00000,0x00000000daa00000,0x00000000daf00000)
  to   space 5120K, 0% used [0x00000000da500000,0x00000000da500000,0x00000000daa00000)
 ParOldGen       total 81920K, used 3567K [0x0000000089400000, 0x000000008e400000, 0x00000000d8700000)
  object space 81920K, 4% used [0x0000000089400000,0x000000008977bd20,0x000000008e400000)
 Metaspace       used 16568K, capacity 16839K, committed 17152K, reserved 1064960K
  class space    used 1950K, capacity 2011K, committed 2048K, reserved 1048576K
GC Heap History (8 events):
Event: 2.341 GC heap before
{Heap before GC invocations=1 (full 0):
 PSYoungGen      total 35840K, used 14546K [0x00000000d8700000, 0x00000000daf00000, 0x0000000100000000)
  eden space 30720K, 47% used [0x00000000d8700000,0x00000000d9534928,0x00000000da500000)
  from space 5120K, 0% used [0x00000000daa00000,0x00000000daa00000,0x00000000daf00000)
  to   space 5120K, 0% used [0x00000000da500000,0x00000000da500000,0x00000000daa00000)
 ParOldGen       total 81920K, used 0K [0x0000000089400000, 0x000000008e400000, 0x00000000d8700000)
  object space 81920K, 0% used [0x0000000089400000,0x0000000089400000,0x000000008e400000)
 Metaspace       used 12986K, capacity 13220K, committed 13568K, reserved 1060864K
  class space    used 1668K, capacity 1755K, committed 1792K, reserved 1048576K
Event: 2.359 GC heap after
Heap after GC invocations=1 (full 0):
 PSYoungGen      total 35840K, used 3677K [0x00000000d8700000, 0x00000000daf00000, 0x0000000100000000)
  eden space 30720K, 0% used [0x00000000d8700000,0x00000000d8700000,0x00000000da500000)
  from space 5120K, 71% used [0x00000000da500000,0x00000000da897528,0x00000000daa00000)
  to   space 5120K, 0% used [0x00000000daa00000,0x00000000daa00000,0x00000000daf00000)
 ParOldGen       total 81920K, used 16K [0x0000000089400000, 0x000000008e400000, 0x00000000d8700000)
  object space 81920K, 0% used [0x0000000089400000,0x0000000089404000,0x000000008e400000)
 Metaspace       used 12986K, capacity 13220K, committed 13568K, reserved 1060864K
  class space    used 1668K, capacity 1755K, committed 1792K, reserved 1048576K
}
Event: 2.359 GC heap before
{Heap before GC invocations=2 (full 1):
 PSYoungGen      total 35840K, used 3677K [0x00000000d8700000, 0x00000000daf00000, 0x0000000100000000)
  eden space 30720K, 0% used [0x00000000d8700000,0x00000000d8700000,0x00000000da500000)
  from space 5120K, 71% used [0x00000000da500000,0x00000000da897528,0x00000000daa00000)
  to   space 5120K, 0% used [0x00000000daa00000,0x00000000daa00000,0x00000000daf00000)
 ParOldGen       total 81920K, used 16K [0x0000000089400000, 0x000000008e400000, 0x00000000d8700000)
  object space 81920K, 0% used [0x0000000089400000,0x0000000089404000,0x000000008e400000)
 Metaspace       used 12986K, capacity 13220K, committed 13568K, reserved 1060864K
  class space    used 1668K, capacity 1755K, committed 1792K, reserved 1048576K
Event: 2.394 GC heap after
Heap after GC invocations=2 (full 1):
 PSYoungGen      total 35840K, used 0K [0x00000000d8700000, 0x00000000daf00000, 0x0000000100000000)
  eden space 30720K, 0% used [0x00000000d8700000,0x00000000d8700000,0x00000000da500000)
  from space 5120K, 0% used [0x00000000da500000,0x00000000da500000,0x00000000daa00000)
  to   space 5120K, 0% used [0x00000000daa00000,0x00000000daa00000,0x00000000daf00000)
 ParOldGen       total 81920K, used 3567K [0x0000000089400000, 0x000000008e400000, 0x00000000d8700000)
  object space 81920K, 4% used [0x0000000089400000,0x000000008977bd20,0x000000008e400000)
 Metaspace       used 12986K, capacity 13220K, committed 13568K, reserved 1060864K
  class space    used 1668K, capacity 1755K, committed 1792K, reserved 1048576K
}
Event: 2.394 GC heap before
{Heap before GC invocations=3 (full 1):
 PSYoungGen      total 35840K, used 0K [0x00000000d8700000, 0x00000000daf00000, 0x0000000100000000)
  eden space 30720K, 0% used [0x00000000d8700000,0x00000000d8700000,0x00000000da500000)
  from space 5120K, 0% used [0x00000000da500000,0x00000000da500000,0x00000000daa00000)
  to   space 5120K, 0% used [0x00000000daa00000,0x00000000daa00000,0x00000000daf00000)
 ParOldGen       total 81920K, used 3567K [0x0000000089400000, 0x000000008e400000, 0x00000000d8700000)
  object space 81920K, 4% used [0x0000000089400000,0x000000008977bd20,0x000000008e400000)
 Metaspace       used 12986K, capacity 13220K, committed 13568K, reserved 1060864K
  class space    used 1668K, capacity 1755K, committed 1792K, reserved 1048576K
Event: 2.396 GC heap after
Heap after GC invocations=3 (full 1):
 PSYoungGen      total 35840K, used 0K [0x00000000d8700000, 0x00000000daf00000, 0x0000000100000000)
  eden space 30720K, 0% used [0x00000000d8700000,0x00000000d8700000,0x00000000da500000)
  from space 5120K, 0% used [0x00000000daa00000,0x00000000daa00000,0x00000000daf00000)
  to   space 5120K, 0% used [0x00000000da500000,0x00000000da500000,0x00000000daa00000)
 ParOldGen       total 81920K, used 3567K [0x0000000089400000, 0x000000008e400000, 0x00000000d8700000)
  object space 81920K, 4% used [0x0000000089400000,0x000000008977bd20,0x000000008e400000)
 Metaspace       used 12986K, capacity 13220K, committed 13568K, reserved 1060864K
  class space    used 1668K, capacity 1755K, committed 1792K, reserved 1048576K
}
Event: 2.397 GC heap before
{Heap before GC invocations=4 (full 2):
 PSYoungGen      total 35840K, used 0K [0x00000000d8700000, 0x00000000daf00000, 0x0000000100000000)
  eden space 30720K, 0% used [0x00000000d8700000,0x00000000d8700000,0x00000000da500000)
  from space 5120K, 0% used [0x00000000daa00000,0x00000000daa00000,0x00000000daf00000)
  to   space 5120K, 0% used [0x00000000da500000,0x00000000da500000,0x00000000daa00000)
 ParOldGen       total 81920K, used 3567K [0x0000000089400000, 0x000000008e400000, 0x00000000d8700000)
  object space 81920K, 4% used [0x0000000089400000,0x000000008977bd20,0x000000008e400000)
 Metaspace       used 12986K, capacity 13220K, committed 13568K, reserved 1060864K
  class space    used 1668K, capacity 1755K, committed 1792K, reserved 1048576K
Event: 2.413 GC heap after
Heap after GC invocations=4 (full 2):
 PSYoungGen      total 35840K, used 0K [0x00000000d8700000, 0x00000000daf00000, 0x0000000100000000)
  eden space 30720K, 0% used [0x00000000d8700000,0x00000000d8700000,0x00000000da500000)
  from space 5120K, 0% used [0x00000000daa00000,0x00000000daa00000,0x00000000daf00000)
  to   space 5120K, 0% used [0x00000000da500000,0x00000000da500000,0x00000000daa00000)
 ParOldGen       total 81920K, used 3567K [0x0000000089400000, 0x000000008e400000, 0x00000000d8700000)
  object space 81920K, 4% used [0x0000000089400000,0x000000008977bd20,0x000000008e400000)
 Metaspace       used 12986K, capacity 13220K, committed 13568K, reserved 1060864K
  class space    used 1668K, capacity 1755K, committed 1792K, reserved 1048576K
}

